<?xml version="1.0" encoding="UTF-8"?>
<!-- Generated by org.testng.reporters.JUnitReportReporter -->
<testsuite hostname="Girishs-MacBook-Pro.local" failures="0" tests="1" name="project1.Demo1" time="32.357" errors="0" timestamp="2022-12-16T08:03:41 IST" skipped="0">
  <testcase classname="project1.Demo1" name="testA" time="32.357"/>
  <system-out/>
</testsuite> <!-- project1.Demo1 -->
